2025-08-17 13:25:45 [[31merror[39m]: Database connection failed
2025-08-17 13:27:01 [[31merror[39m]: Database connection failed
2025-08-17 13:27:20 [[31merror[39m]: Database connection failed
2025-08-17 13:27:30 [[31merror[39m]: Database connection failed
2025-08-17 13:27:33 [[31merror[39m]: Database connection failed
2025-08-17 13:31:45 [[31merror[39m]: Database connection failed
2025-08-17 13:36:49 [[31merror[39m]: Database connection failed
2025-08-17 13:36:54 [[31merror[39m]: Database connection failed
2025-08-23 20:57:49 [[31merror[39m]: Error: GET / - Reached the max retries per request limit (which is 20). Refer to "maxRetriesPerRequest" option for details. (5289ms)
2025-08-23 20:58:12 [[31merror[39m]: Error: GET /favicon.ico - Reached the max retries per request limit (which is 20). Refer to "maxRetriesPerRequest" option for details. (10596ms)
2025-08-23 20:58:24 [[31merror[39m]: Uncaught Exception: listen EADDRINUSE: address already in use :::3001
2025-08-23 20:59:15 [[31merror[39m]: Uncaught Exception: listen EADDRINUSE: address already in use :::3001
2025-08-23 21:11:51 [[31merror[39m]: Failed to load route file swagger.js: window is not defined
2025-08-23 21:11:52 [[31merror[39m]: Failed to load route file swagger.js: window is not defined
2025-08-23 21:12:00 [[31merror[39m]: Failed to load route file swagger.js: window is not defined
2025-08-23 21:12:05 [[31merror[39m]: Failed to load route file swagger.js: window is not defined
2025-08-23 21:12:47 [[31merror[39m]: Failed to load route file swagger.js: window is not defined
2025-08-23 21:14:14 [[31merror[39m]: Failed to load route file swagger.js: window is not defined
2025-08-23 21:15:17 [[31merror[39m]: Uncaught Exception: listen EADDRINUSE: address already in use :::3001
2025-08-23 22:22:25 [[31merror[39m]: æœªæ•è·çš„å¼‚å¸¸: listen EADDRINUSE: address already in use :::3000
2025-08-23 22:22:37 [[31merror[39m]: æœªæ•è·çš„å¼‚å¸¸: listen EADDRINUSE: address already in use :::3000
2025-08-24 10:55:23 [[31merror[39m]: åŠ è½½è·¯ç”±æ–‡ä»¶ user.js å¤±è´¥: Invalid or unexpected token
2025-08-24 10:55:32 [[31merror[39m]: åŠ è½½è·¯ç”±æ–‡ä»¶ user.js å¤±è´¥: Invalid or unexpected token
2025-08-24 10:55:48 [[31merror[39m]: åŠ è½½è·¯ç”±æ–‡ä»¶ user.js å¤±è´¥: Invalid or unexpected token
2025-08-24 10:55:58 [[31merror[39m]: åŠ è½½è·¯ç”±æ–‡ä»¶ user.js å¤±è´¥: Invalid or unexpected token
2025-08-24 10:56:03 [[31merror[39m]: åŠ è½½è·¯ç”±æ–‡ä»¶ user.js å¤±è´¥: Invalid or unexpected token
2025-08-24 10:56:58 [[31merror[39m]: åŠ è½½è·¯ç”±æ–‡ä»¶ user.js å¤±è´¥: Invalid or unexpected token
2025-08-24 10:57:06 [[31merror[39m]: åŠ è½½è·¯ç”±æ–‡ä»¶ user.js å¤±è´¥: Invalid or unexpected token
2025-08-24 10:57:17 [[31merror[39m]: åŠ è½½è·¯ç”±æ–‡ä»¶ user.js å¤±è´¥: Invalid or unexpected token
2025-08-24 10:57:18 [[31merror[39m]: åŠ è½½è·¯ç”±æ–‡ä»¶ user.js å¤±è´¥: Invalid or unexpected token
2025-08-24 10:57:40 [[31merror[39m]: åŠ è½½è·¯ç”±æ–‡ä»¶ user.js å¤±è´¥: Invalid or unexpected token
2025-08-24 10:57:52 [[31merror[39m]: åŠ è½½è·¯ç”±æ–‡ä»¶ user.js å¤±è´¥: Invalid or unexpected token
2025-08-24 10:57:53 [[31merror[39m]: åŠ è½½è·¯ç”±æ–‡ä»¶ user.js å¤±è´¥: Invalid or unexpected token
2025-08-24 10:59:17 [[31merror[39m]: åŠ è½½è·¯ç”±æ–‡ä»¶ user.js å¤±è´¥: Invalid or unexpected token
